TN:
SF:dist/domain/entity/address.js
FN:15,get street
FN:18,get number
FN:21,get zip
FN:24,get city
FN:27,validate
FN:41,toString
FN:4,Address
FNF:7
FNH:6
FNDA:4,get street
FNDA:4,get number
FNDA:4,get zip
FNDA:4,get city
FNDA:4,validate
FNDA:0,toString
FNDA:4,Address
DA:1,1
DA:2,1
DA:3,1
DA:4,1
DA:5,4
DA:6,4
DA:7,4
DA:8,4
DA:9,4
DA:10,4
DA:11,4
DA:12,4
DA:13,4
DA:14,4
DA:15,1
DA:16,4
DA:17,4
DA:18,1
DA:19,4
DA:20,4
DA:21,1
DA:22,4
DA:23,4
DA:24,1
DA:25,4
DA:26,4
DA:27,1
DA:28,4
DA:29,0
DA:30,0
DA:31,4
DA:32,0
DA:33,0
DA:34,4
DA:35,0
DA:36,0
DA:37,4
DA:38,0
DA:39,0
DA:40,4
DA:41,1
DA:42,0
DA:43,0
DA:44,1
DA:45,1
LF:45
LH:35
BRDA:15,0,0,4
BRDA:18,1,0,4
BRDA:21,2,0,4
BRDA:24,3,0,4
BRDA:27,4,0,4
BRDA:28,5,0,0
BRDA:31,6,0,0
BRDA:34,7,0,0
BRDA:37,8,0,0
BRDA:4,9,0,4
BRF:10
BRH:6
end_of_record
TN:
SF:dist/domain/entity/customer.js
FN:12,get id
FN:15,get name
FN:18,get rewardPoints
FN:21,validate
FN:29,changeName
FN:33,get Address
FN:36,changeAddress
FN:39,isActive
FN:42,activate
FN:48,deactivate
FN:51,addRewardPoints
FN:54,set Address
FN:4,Customer
FNF:13
FNH:13
FNDA:11,get id
FNDA:4,get name
FNDA:4,get rewardPoints
FNDA:4,validate
FNDA:1,changeName
FNDA:16,get Address
FNDA:4,changeAddress
FNDA:4,isActive
FNDA:2,activate
FNDA:1,deactivate
FNDA:4,addRewardPoints
FNDA:5,set Address
FNDA:4,Customer
DA:1,1
DA:2,1
DA:3,1
DA:4,1
DA:5,4
DA:6,4
DA:7,4
DA:8,4
DA:9,4
DA:10,4
DA:11,4
DA:12,1
DA:13,11
DA:14,11
DA:15,1
DA:16,4
DA:17,4
DA:18,1
DA:19,4
DA:20,4
DA:21,1
DA:22,4
DA:23,0
DA:24,0
DA:25,4
DA:26,0
DA:27,0
DA:28,4
DA:29,1
DA:30,1
DA:31,1
DA:32,1
DA:33,1
DA:34,16
DA:35,16
DA:36,1
DA:37,4
DA:38,4
DA:39,1
DA:40,4
DA:41,4
DA:42,1
DA:43,2
DA:44,0
DA:45,0
DA:46,2
DA:47,2
DA:48,1
DA:49,1
DA:50,1
DA:51,1
DA:52,4
DA:53,4
DA:54,1
DA:55,5
DA:56,5
DA:57,1
DA:58,1
LF:58
LH:52
BRDA:12,0,0,11
BRDA:15,1,0,4
BRDA:18,2,0,4
BRDA:21,3,0,4
BRDA:22,4,0,0
BRDA:25,5,0,0
BRDA:29,6,0,1
BRDA:33,7,0,16
BRDA:36,8,0,4
BRDA:39,9,0,4
BRDA:42,10,0,2
BRDA:43,11,0,0
BRDA:48,12,0,1
BRDA:51,13,0,4
BRDA:54,14,0,5
BRDA:4,15,0,4
BRF:16
BRH:13
end_of_record
TN:
SF:dist/domain/entity/order.js
FN:12,get id
FN:15,get customerId
FN:18,get items
FN:21,addItem
FN:24,validate
FN:39,total
FN:4,Order
FNF:7
FNH:7
FNDA:25,get id
FNDA:7,get customerId
FNDA:7,get items
FNDA:1,addItem
FNDA:14,validate
FNDA:26,total
FNDA:14,Order
DA:1,1
DA:2,1
DA:3,1
DA:4,1
DA:5,14
DA:6,14
DA:7,14
DA:8,14
DA:9,14
DA:10,14
DA:11,14
DA:12,1
DA:13,25
DA:14,25
DA:15,1
DA:16,7
DA:17,7
DA:18,1
DA:19,7
DA:20,7
DA:21,1
DA:22,1
DA:23,1
DA:24,1
DA:25,14
DA:26,1
DA:27,1
DA:28,14
DA:29,1
DA:30,1
DA:31,14
DA:32,1
DA:33,1
DA:34,14
DA:35,1
DA:36,1
DA:37,10
DA:38,10
DA:39,1
DA:40,26
DA:41,26
DA:42,1
DA:43,1
LF:43
LH:43
BRDA:12,0,0,25
BRDA:15,1,0,7
BRDA:18,2,0,7
BRDA:21,3,0,1
BRDA:24,4,0,14
BRDA:25,5,0,1
BRDA:28,6,0,1
BRDA:31,7,0,1
BRDA:34,8,0,11
BRDA:34,9,0,1
BRDA:37,10,0,10
BRDA:34,11,0,12
BRDA:39,12,0,26
BRDA:40,13,0,27
BRDA:4,14,0,14
BRF:15
BRH:15
end_of_record
TN:
SF:dist/domain/entity/order_item.js
FN:12,get id
FN:15,get name
FN:18,get price
FN:21,total
FN:24,get quantity
FN:27,get productId
FN:4,OrderItem
FNF:7
FNH:7
FNDA:13,get id
FNDA:11,get name
FNDA:49,get price
FNDA:38,total
FNDA:23,get quantity
FNDA:8,get productId
FNDA:12,OrderItem
DA:1,1
DA:2,1
DA:3,1
DA:4,1
DA:5,12
DA:6,12
DA:7,12
DA:8,12
DA:9,12
DA:10,12
DA:11,12
DA:12,1
DA:13,13
DA:14,13
DA:15,1
DA:16,11
DA:17,11
DA:18,1
DA:19,49
DA:20,49
DA:21,1
DA:22,38
DA:23,38
DA:24,1
DA:25,23
DA:26,23
DA:27,1
DA:28,8
DA:29,8
DA:30,1
DA:31,1
LF:31
LH:31
BRDA:12,0,0,13
BRDA:15,1,0,11
BRDA:18,2,0,49
BRDA:21,3,0,38
BRDA:24,4,0,23
BRDA:27,5,0,8
BRDA:4,6,0,12
BRF:7
BRH:7
end_of_record
TN:
SF:dist/domain/entity/product.js
FN:10,changeName
FN:14,changePrice
FN:18,get id
FN:21,get price
FN:24,get name
FN:27,validate
FN:4,Product
FNF:7
FNH:7
FNDA:1,changeName
FNDA:1,changePrice
FNDA:14,get id
FNDA:11,get price
FNDA:11,get name
FNDA:5,validate
FNDA:5,Product
DA:1,1
DA:2,1
DA:3,1
DA:4,1
DA:5,5
DA:6,5
DA:7,5
DA:8,5
DA:9,5
DA:10,1
DA:11,1
DA:12,1
DA:13,1
DA:14,1
DA:15,1
DA:16,1
DA:17,1
DA:18,1
DA:19,14
DA:20,14
DA:21,1
DA:22,11
DA:23,11
DA:24,1
DA:25,11
DA:26,11
DA:27,1
DA:28,5
DA:29,0
DA:30,0
DA:31,5
DA:32,0
DA:33,0
DA:34,5
DA:35,0
DA:36,0
DA:37,5
DA:38,5
DA:39,1
DA:40,1
LF:40
LH:34
BRDA:10,0,0,1
BRDA:14,1,0,1
BRDA:18,2,0,14
BRDA:21,3,0,11
BRDA:24,4,0,11
BRDA:27,5,0,5
BRDA:28,6,0,0
BRDA:31,7,0,0
BRDA:34,8,0,0
BRDA:4,9,0,5
BRF:10
BRH:7
end_of_record
TN:
SF:dist/domain/service/order.service.js
FN:2,Object.<anonymous>.__importDefault
FN:9,getTotal
FN:12,placeOrder
FNF:3
FNH:3
FNDA:1,Object.<anonymous>.__importDefault
FNDA:1,getTotal
FNDA:1,placeOrder
DA:1,1
DA:2,1
DA:3,1
DA:4,1
DA:5,1
DA:6,1
DA:7,1
DA:8,1
DA:9,1
DA:10,1
DA:11,1
DA:12,1
DA:13,1
DA:14,0
DA:15,0
DA:16,1
DA:17,1
DA:18,1
DA:19,1
DA:20,1
DA:21,1
LF:21
LH:19
BRDA:2,0,0,0
BRDA:2,1,0,1
BRDA:3,2,0,0
BRDA:9,3,0,1
BRDA:10,4,0,2
BRDA:12,5,0,1
BRDA:13,6,0,0
BRF:7
BRH:4
end_of_record
TN:
SF:dist/entity/address.js
FN:15,get street
FN:18,get number
FN:21,get zip
FN:24,get city
FN:27,validate
FN:41,toString
FN:4,Address
FNF:7
FNH:2
FNDA:0,get street
FNDA:0,get number
FNDA:0,get zip
FNDA:0,get city
FNDA:2,validate
FNDA:0,toString
FNDA:2,Address
DA:1,1
DA:2,1
DA:3,1
DA:4,1
DA:5,2
DA:6,2
DA:7,2
DA:8,2
DA:9,2
DA:10,2
DA:11,2
DA:12,2
DA:13,2
DA:14,2
DA:15,1
DA:16,0
DA:17,0
DA:18,1
DA:19,0
DA:20,0
DA:21,1
DA:22,0
DA:23,0
DA:24,1
DA:25,0
DA:26,0
DA:27,1
DA:28,2
DA:29,0
DA:30,0
DA:31,2
DA:32,0
DA:33,0
DA:34,2
DA:35,0
DA:36,0
DA:37,2
DA:38,0
DA:39,0
DA:40,2
DA:41,1
DA:42,0
DA:43,0
DA:44,1
DA:45,1
LF:45
LH:27
BRDA:27,0,0,2
BRDA:28,1,0,0
BRDA:31,2,0,0
BRDA:34,3,0,0
BRDA:37,4,0,0
BRDA:4,5,0,2
BRF:6
BRH:2
end_of_record
TN:
SF:dist/entity/customer.js
FN:12,get id
FN:15,get name
FN:18,get rewardPoints
FN:21,get Address
FN:24,validate
FN:32,isActive
FN:35,changeName
FN:39,activate
FN:45,deactivate
FN:48,defineAddress
FN:51,setAddress
FN:54,addRewardPoints
FN:57,set Address
FN:4,Customer
FNF:14
FNH:11
FNDA:1,get id
FNDA:1,get name
FNDA:1,get rewardPoints
FNDA:0,get Address
FNDA:1,validate
FNDA:2,isActive
FNDA:1,changeName
FNDA:2,activate
FNDA:1,deactivate
FNDA:0,defineAddress
FNDA:0,setAddress
FNDA:1,addRewardPoints
FNDA:2,set Address
FNDA:1,Customer
DA:1,1
DA:2,1
DA:3,1
DA:4,1
DA:5,1
DA:6,1
DA:7,1
DA:8,1
DA:9,1
DA:10,1
DA:11,1
DA:12,1
DA:13,1
DA:14,1
DA:15,1
DA:16,1
DA:17,1
DA:18,1
DA:19,1
DA:20,1
DA:21,1
DA:22,0
DA:23,0
DA:24,1
DA:25,1
DA:26,0
DA:27,0
DA:28,1
DA:29,0
DA:30,0
DA:31,1
DA:32,1
DA:33,2
DA:34,2
DA:35,1
DA:36,1
DA:37,1
DA:38,1
DA:39,1
DA:40,2
DA:41,1
DA:42,1
DA:43,1
DA:44,1
DA:45,1
DA:46,1
DA:47,1
DA:48,1
DA:49,0
DA:50,0
DA:51,1
DA:52,0
DA:53,0
DA:54,1
DA:55,1
DA:56,1
DA:57,1
DA:58,2
DA:59,2
DA:60,1
DA:61,1
LF:61
LH:51
BRDA:12,0,0,1
BRDA:15,1,0,1
BRDA:18,2,0,1
BRDA:24,3,0,1
BRDA:25,4,0,0
BRDA:28,5,0,0
BRDA:32,6,0,2
BRDA:35,7,0,1
BRDA:39,8,0,2
BRDA:40,9,0,1
BRDA:45,10,0,1
BRDA:54,11,0,1
BRDA:57,12,0,2
BRDA:4,13,0,1
BRF:14
BRH:12
end_of_record
TN:
SF:dist/entity/order.js
FN:12,validate
FN:27,total
FN:4,Order
FNF:3
FNH:3
FNDA:3,validate
FNDA:7,total
FNDA:3,Order
DA:1,1
DA:2,1
DA:3,1
DA:4,1
DA:5,3
DA:6,3
DA:7,3
DA:8,3
DA:9,3
DA:10,3
DA:11,3
DA:12,1
DA:13,3
DA:14,0
DA:15,0
DA:16,3
DA:17,0
DA:18,0
DA:19,3
DA:20,0
DA:21,0
DA:22,3
DA:23,0
DA:24,0
DA:25,3
DA:26,3
DA:27,1
DA:28,7
DA:29,7
DA:30,1
DA:31,1
LF:31
LH:23
BRDA:12,0,0,3
BRDA:13,1,0,0
BRDA:16,2,0,0
BRDA:19,3,0,0
BRDA:22,4,0,0
BRDA:22,5,0,3
BRDA:27,6,0,7
BRDA:28,7,0,7
BRDA:4,8,0,3
BRF:9
BRH:5
end_of_record
TN:
SF:dist/entity/order_item.js
FN:12,get price
FN:15,get quantity
FN:4,OrderItem
FNF:3
FNH:3
FNDA:7,get price
FNDA:3,get quantity
FNDA:3,OrderItem
DA:1,1
DA:2,1
DA:3,1
DA:4,1
DA:5,3
DA:6,3
DA:7,3
DA:8,3
DA:9,3
DA:10,3
DA:11,3
DA:12,1
DA:13,7
DA:14,7
DA:15,1
DA:16,3
DA:17,3
DA:18,1
DA:19,1
LF:19
LH:19
BRDA:12,0,0,7
BRDA:15,1,0,3
BRDA:4,2,0,3
BRF:3
BRH:3
end_of_record
TN:
SF:dist/entity/product.js
FN:10,changeName
FN:14,changePrice
FN:18,get price
FN:21,get name
FN:24,validate
FN:4,Product
FNF:6
FNH:6
FNDA:1,changeName
FNDA:1,changePrice
FNDA:1,get price
FNDA:1,get name
FNDA:8,validate
FNDA:6,Product
DA:1,1
DA:2,1
DA:3,1
DA:4,1
DA:5,6
DA:6,6
DA:7,6
DA:8,6
DA:9,6
DA:10,1
DA:11,1
DA:12,1
DA:13,1
DA:14,1
DA:15,1
DA:16,1
DA:17,1
DA:18,1
DA:19,1
DA:20,1
DA:21,1
DA:22,1
DA:23,1
DA:24,1
DA:25,8
DA:26,1
DA:27,1
DA:28,8
DA:29,1
DA:30,1
DA:31,8
DA:32,2
DA:33,2
DA:34,4
DA:35,4
DA:36,1
DA:37,1
LF:37
LH:37
BRDA:10,0,0,1
BRDA:14,1,0,1
BRDA:18,2,0,1
BRDA:21,3,0,1
BRDA:24,4,0,8
BRDA:25,5,0,1
BRDA:28,6,0,1
BRDA:31,7,0,2
BRDA:34,8,0,4
BRDA:4,9,0,6
BRF:10
BRH:10
end_of_record
TN:
SF:dist/infrastructure/db/sequelize/model/customer.model.js
FN:2,Object.<anonymous>.__decorate
FN:8,Object.<anonymous>.__metadata
FNF:2
FNH:2
FNDA:9,Object.<anonymous>.__decorate
FNDA:8,Object.<anonymous>.__metadata
DA:1,1
DA:2,1
DA:3,9
DA:4,9
DA:5,0
DA:6,9
DA:7,9
DA:8,1
DA:9,8
DA:10,8
DA:11,1
DA:12,1
DA:13,1
DA:14,1
DA:15,1
DA:16,1
DA:17,1
DA:18,1
DA:19,1
DA:20,1
DA:21,1
DA:22,1
DA:23,1
DA:24,1
DA:25,1
DA:26,1
DA:27,1
DA:28,1
DA:29,1
DA:30,1
DA:31,1
DA:32,1
DA:33,1
DA:34,1
DA:35,1
DA:36,1
DA:37,1
DA:38,1
DA:39,1
DA:40,1
DA:41,1
DA:42,1
DA:43,1
DA:44,1
DA:45,1
DA:46,1
DA:47,1
DA:48,1
DA:49,1
DA:50,1
DA:51,1
DA:52,1
DA:53,1
DA:54,1
LF:54
LH:53
BRDA:2,0,0,0
BRDA:8,1,0,0
BRDA:2,2,0,9
BRDA:3,3,0,1
BRDA:3,4,0,8
BRDA:3,5,0,0
BRDA:5,6,0,0
BRDA:6,7,0,8
BRDA:6,8,0,0
BRDA:8,9,0,8
BRF:10
BRH:5
end_of_record
TN:
SF:dist/infrastructure/db/sequelize/model/order-item.model.js
FN:2,Object.<anonymous>.__decorate
FN:8,Object.<anonymous>.__metadata
FN:11,Object.<anonymous>.__importDefault
FNF:3
FNH:3
FNDA:10,Object.<anonymous>.__decorate
FNDA:9,Object.<anonymous>.__metadata
FNDA:2,Object.<anonymous>.__importDefault
DA:1,1
DA:2,1
DA:3,10
DA:4,10
DA:5,0
DA:6,10
DA:7,10
DA:8,1
DA:9,9
DA:10,9
DA:11,1
DA:12,2
DA:13,2
DA:14,1
DA:15,1
DA:16,1
DA:17,1
DA:18,1
DA:19,1
DA:20,1
DA:21,1
DA:22,1
DA:23,1
DA:24,1
DA:25,1
DA:26,1
DA:27,1
DA:28,1
DA:29,1
DA:30,1
DA:31,1
DA:32,1
DA:33,1
DA:34,1
DA:35,1
DA:36,1
DA:37,1
DA:38,1
DA:39,1
DA:40,1
DA:41,1
DA:42,1
DA:43,1
DA:44,1
DA:45,1
DA:46,1
DA:47,1
DA:48,1
DA:49,1
DA:50,1
DA:51,1
DA:52,1
DA:53,1
DA:54,1
DA:55,1
DA:56,1
DA:57,1
DA:58,1
DA:59,1
DA:60,1
DA:61,1
DA:62,1
DA:63,1
DA:64,1
DA:65,1
DA:66,1
DA:67,1
DA:68,1
DA:69,1
LF:69
LH:68
BRDA:2,0,0,0
BRDA:8,1,0,0
BRDA:11,2,0,0
BRDA:2,3,0,10
BRDA:3,4,0,1
BRDA:3,5,0,9
BRDA:3,6,0,0
BRDA:5,7,0,0
BRDA:6,8,0,9
BRDA:6,9,0,0
BRDA:8,10,0,9
BRDA:11,11,0,2
BRDA:12,12,0,0
BRDA:26,13,0,20
BRDA:32,14,0,8
BRDA:37,15,0,8
BRDA:43,16,0,8
BRF:17
BRH:10
end_of_record
TN:
SF:dist/infrastructure/db/sequelize/model/order.model.js
FN:2,Object.<anonymous>.__decorate
FN:8,Object.<anonymous>.__metadata
FN:11,Object.<anonymous>.__importDefault
FNF:3
FNH:3
FNDA:6,Object.<anonymous>.__decorate
FNDA:5,Object.<anonymous>.__metadata
FNDA:2,Object.<anonymous>.__importDefault
DA:1,1
DA:2,1
DA:3,6
DA:4,6
DA:5,0
DA:6,6
DA:7,6
DA:8,1
DA:9,5
DA:10,5
DA:11,1
DA:12,2
DA:13,2
DA:14,1
DA:15,1
DA:16,1
DA:17,1
DA:18,1
DA:19,1
DA:20,1
DA:21,1
DA:22,1
DA:23,1
DA:24,1
DA:25,1
DA:26,1
DA:27,1
DA:28,1
DA:29,1
DA:30,1
DA:31,1
DA:32,1
DA:33,1
DA:34,1
DA:35,1
DA:36,1
DA:37,1
DA:38,1
DA:39,1
DA:40,1
DA:41,1
DA:42,1
DA:43,1
DA:44,1
DA:45,1
DA:46,1
DA:47,1
DA:48,1
DA:49,1
DA:50,1
DA:51,1
LF:51
LH:50
BRDA:2,0,0,0
BRDA:8,1,0,0
BRDA:11,2,0,0
BRDA:2,3,0,6
BRDA:3,4,0,1
BRDA:3,5,0,5
BRDA:3,6,0,0
BRDA:5,7,0,0
BRDA:6,8,0,5
BRDA:6,9,0,0
BRDA:8,10,0,5
BRDA:11,11,0,2
BRDA:12,12,0,0
BRDA:26,13,0,4
BRDA:32,14,0,16
BRDA:37,15,0,16
BRF:16
BRH:9
end_of_record
TN:
SF:dist/infrastructure/db/sequelize/model/product.model.js
FN:2,Object.<anonymous>.__decorate
FN:8,Object.<anonymous>.__metadata
FNF:2
FNH:2
FNDA:4,Object.<anonymous>.__decorate
FNDA:3,Object.<anonymous>.__metadata
DA:1,1
DA:2,1
DA:3,4
DA:4,4
DA:5,0
DA:6,4
DA:7,4
DA:8,1
DA:9,3
DA:10,3
DA:11,1
DA:12,1
DA:13,1
DA:14,1
DA:15,1
DA:16,1
DA:17,1
DA:18,1
DA:19,1
DA:20,1
DA:21,1
DA:22,1
DA:23,1
DA:24,1
DA:25,1
DA:26,1
DA:27,1
DA:28,1
DA:29,1
DA:30,1
DA:31,1
DA:32,1
DA:33,1
LF:33
LH:32
BRDA:2,0,0,0
BRDA:8,1,0,0
BRDA:2,2,0,4
BRDA:3,3,0,1
BRDA:3,4,0,3
BRDA:3,5,0,0
BRDA:5,6,0,0
BRDA:6,7,0,3
BRDA:6,8,0,0
BRDA:8,9,0,3
BRF:10
BRH:5
end_of_record
TN:
SF:dist/infrastructure/repository/customer.repository.js
FN:2,Object.<anonymous>.__importDefault
FN:10,create
FN:22,update
FN:37,find
FN:55,findAll
FNF:5
FNH:5
FNDA:3,Object.<anonymous>.__importDefault
FNDA:4,create
FNDA:1,update
FNDA:2,find
FNDA:1,findAll
DA:1,1
DA:2,1
DA:3,3
DA:4,3
DA:5,1
DA:6,1
DA:7,1
DA:8,1
DA:9,1
DA:10,1
DA:11,4
DA:12,4
DA:13,4
DA:14,4
DA:15,4
DA:16,4
DA:17,4
DA:18,4
DA:19,4
DA:20,4
DA:21,4
DA:22,1
DA:23,1
DA:24,1
DA:25,1
DA:26,1
DA:27,1
DA:28,1
DA:29,1
DA:30,1
DA:31,1
DA:32,1
DA:33,1
DA:34,1
DA:35,1
DA:36,1
DA:37,1
DA:38,2
DA:39,2
DA:40,2
DA:41,2
DA:42,2
DA:43,2
DA:44,2
DA:45,2
DA:46,2
DA:47,2
DA:48,2
DA:49,2
DA:50,2
DA:51,2
DA:52,2
DA:53,2
DA:54,2
DA:55,1
DA:56,1
DA:57,1
DA:58,2
DA:59,2
DA:60,2
DA:61,2
DA:62,2
DA:63,1
DA:64,1
DA:65,2
DA:66,2
DA:67,1
DA:68,1
DA:69,1
DA:70,1
LF:70
LH:70
BRDA:2,0,0,0
BRDA:2,1,0,3
BRDA:3,2,0,0
BRDA:10,3,0,4
BRDA:22,4,0,1
BRDA:37,5,0,2
BRDA:55,6,0,1
BRDA:57,7,0,2
BRDA:62,8,0,1
BRF:9
BRH:7
end_of_record
TN:
SF:dist/infrastructure/repository/order.repository.js
FN:2,Object.<anonymous>.__importDefault
FN:11,create
FN:28,update
FN:77,find
FN:92,findAll
FNF:5
FNH:5
FNDA:4,Object.<anonymous>.__importDefault
FNDA:5,create
FNDA:1,update
FNDA:1,find
FNDA:1,findAll
DA:1,1
DA:2,1
DA:3,4
DA:4,4
DA:5,1
DA:6,1
DA:7,1
DA:8,1
DA:9,1
DA:10,1
DA:11,1
DA:12,5
DA:13,5
DA:14,5
DA:15,5
DA:16,5
DA:17,5
DA:18,5
DA:19,5
DA:20,5
DA:21,5
DA:22,5
DA:23,5
DA:24,5
DA:25,5
DA:26,5
DA:27,5
DA:28,1
DA:29,1
DA:30,1
DA:31,1
DA:32,1
DA:33,1
DA:34,1
DA:35,1
DA:36,1
DA:37,1
DA:38,1
DA:39,1
DA:40,0
DA:41,0
DA:42,1
DA:43,1
DA:44,1
DA:45,0
DA:46,0
DA:47,1
DA:48,1
DA:49,1
DA:50,1
DA:51,1
DA:52,1
DA:53,1
DA:54,1
DA:55,1
DA:56,1
DA:57,1
DA:58,2
DA:59,2
DA:60,1
DA:61,1
DA:62,1
DA:63,1
DA:64,1
DA:65,1
DA:66,1
DA:67,1
DA:68,1
DA:69,1
DA:70,1
DA:71,1
DA:72,1
DA:73,1
DA:74,1
DA:75,1
DA:76,1
DA:77,1
DA:78,1
DA:79,1
DA:80,1
DA:81,1
DA:82,1
DA:83,1
DA:84,1
DA:85,1
DA:86,1
DA:87,0
DA:88,0
DA:89,1
DA:90,1
DA:91,1
DA:92,1
DA:93,1
DA:94,1
DA:95,1
DA:96,1
DA:97,1
DA:98,1
DA:99,1
DA:100,0
DA:101,0
DA:102,1
DA:103,1
DA:104,1
DA:105,1
DA:106,1
LF:106
LH:98
BRDA:2,0,0,0
BRDA:2,1,0,4
BRDA:3,2,0,0
BRDA:11,3,0,5
BRDA:16,4,0,5
BRDA:28,5,0,1
BRDA:39,6,0,0
BRDA:42,7,0,1
BRDA:44,8,0,0
BRDA:43,9,0,1
BRDA:57,10,0,2
BRDA:59,11,0,1
BRDA:58,12,0,2
BRDA:77,13,0,1
BRDA:86,14,0,0
BRDA:89,15,0,1
BRDA:92,16,0,1
BRDA:99,17,0,0
BRDA:102,18,0,2
BRDA:102,19,0,2
BRF:20
BRH:14
end_of_record
TN:
SF:dist/infrastructure/repository/product.repository.js
FN:2,Object.<anonymous>.__importDefault
FN:9,create
FN:16,update
FN:26,find
FN:30,findAll
FNF:5
FNH:5
FNDA:2,Object.<anonymous>.__importDefault
FNDA:5,create
FNDA:1,update
FNDA:1,find
FNDA:1,findAll
DA:1,1
DA:2,1
DA:3,2
DA:4,2
DA:5,1
DA:6,1
DA:7,1
DA:8,1
DA:9,1
DA:10,5
DA:11,5
DA:12,5
DA:13,5
DA:14,5
DA:15,5
DA:16,1
DA:17,1
DA:18,1
DA:19,1
DA:20,1
DA:21,1
DA:22,1
DA:23,1
DA:24,1
DA:25,1
DA:26,1
DA:27,1
DA:28,1
DA:29,1
DA:30,1
DA:31,1
DA:32,1
DA:33,1
DA:34,1
DA:35,1
LF:35
LH:35
BRDA:2,0,0,0
BRDA:2,1,0,2
BRDA:3,2,0,0
BRDA:9,3,0,5
BRDA:16,4,0,1
BRDA:26,5,0,1
BRDA:30,6,0,1
BRDA:32,7,0,2
BRF:8
BRH:6
end_of_record
TN:
SF:dist/service/order.service.js
FN:2,Object.<anonymous>.__importDefault
FN:9,getTotal
FN:12,placeOrder
FNF:3
FNH:3
FNDA:1,Object.<anonymous>.__importDefault
FNDA:1,getTotal
FNDA:1,placeOrder
DA:1,1
DA:2,1
DA:3,1
DA:4,1
DA:5,1
DA:6,1
DA:7,1
DA:8,1
DA:9,1
DA:10,1
DA:11,1
DA:12,1
DA:13,1
DA:14,0
DA:15,0
DA:16,1
DA:17,1
DA:18,1
DA:19,1
DA:20,1
DA:21,1
LF:21
LH:19
BRDA:2,0,0,0
BRDA:2,1,0,1
BRDA:3,2,0,0
BRDA:9,3,0,1
BRDA:10,4,0,2
BRDA:12,5,0,1
BRDA:13,6,0,0
BRF:7
BRH:4
end_of_record
TN:
SF:src/domain/entity/address.ts
FN:16,get street
FN:20,get number
FN:24,get zip
FN:28,get city
FN:32,validate
FN:47,toString
FN:7,Address
FNF:7
FNH:6
FNDA:12,get street
FNDA:12,get number
FNDA:12,get zip
FNDA:12,get city
FNDA:12,validate
FNDA:0,toString
FNDA:12,Address
DA:1,1
DA:2,1
DA:3,1
DA:4,1
DA:5,1
DA:6,1
DA:7,1
DA:8,12
DA:9,12
DA:10,12
DA:11,12
DA:12,12
DA:13,12
DA:14,12
DA:15,1
DA:16,1
DA:17,12
DA:18,12
DA:19,1
DA:20,1
DA:21,12
DA:22,12
DA:23,1
DA:24,1
DA:25,12
DA:26,12
DA:27,1
DA:28,1
DA:29,12
DA:30,12
DA:31,1
DA:32,1
DA:33,12
DA:34,0
DA:35,0
DA:36,12
DA:37,0
DA:38,0
DA:39,12
DA:40,0
DA:41,0
DA:42,12
DA:43,0
DA:44,0
DA:45,12
DA:46,1
DA:47,1
DA:48,0
DA:49,0
DA:50,1
LF:50
LH:40
BRDA:16,0,0,12
BRDA:20,1,0,12
BRDA:24,2,0,12
BRDA:28,3,0,12
BRDA:32,4,0,12
BRDA:33,5,0,0
BRDA:36,6,0,0
BRDA:39,7,0,0
BRDA:42,8,0,0
BRDA:7,9,0,12
BRF:10
BRH:6
end_of_record
TN:
SF:src/domain/entity/customer.spec.ts
FNF:0
FNH:0
DA:1,2
DA:2,2
DA:3,2
DA:4,2
DA:5,2
DA:6,2
DA:7,2
DA:8,2
DA:9,2
DA:10,2
DA:11,2
DA:12,2
DA:13,2
DA:14,2
DA:15,2
DA:16,2
DA:17,2
DA:18,2
DA:19,2
DA:20,2
DA:21,2
DA:22,2
DA:23,2
DA:24,2
DA:25,2
DA:26,2
DA:27,2
DA:28,2
DA:29,2
DA:30,2
DA:31,2
DA:32,2
DA:33,2
DA:34,2
DA:35,2
DA:36,2
DA:37,2
DA:38,2
DA:39,2
DA:40,2
DA:41,2
DA:42,2
DA:43,2
DA:44,2
DA:45,2
DA:46,2
DA:47,2
DA:48,2
DA:49,2
DA:50,2
DA:51,2
DA:52,2
DA:53,2
DA:54,2
DA:55,2
DA:56,2
DA:57,2
DA:58,2
DA:59,2
DA:60,2
DA:61,2
DA:62,2
DA:63,2
LF:63
LH:63
BRF:0
BRH:0
end_of_record
TN:
SF:src/domain/entity/customer.ts
FN:15,get id
FN:19,get name
FN:23,get rewardPoints
FN:27,validate
FN:36,changeName
FN:41,get Address
FN:45,changeAddress
FN:49,isActive
FN:53,activate
FN:60,deactivate
FN:64,addRewardPoints
FN:68,set Address
FN:9,Customer
FNF:13
FNH:13
FNDA:18,get id
FNDA:12,get name
FNDA:12,get rewardPoints
FNDA:13,validate
FNDA:1,changeName
FNDA:40,get Address
FNDA:7,changeAddress
FNDA:12,isActive
FNDA:2,activate
FNDA:1,deactivate
FNDA:4,addRewardPoints
FNDA:5,set Address
FNDA:12,Customer
DA:1,1
DA:2,1
DA:3,1
DA:4,1
DA:5,1
DA:6,1
DA:7,1
DA:8,1
DA:9,1
DA:10,12
DA:11,12
DA:12,12
DA:13,12
DA:14,1
DA:15,1
DA:16,18
DA:17,18
DA:18,1
DA:19,1
DA:20,12
DA:21,12
DA:22,1
DA:23,1
DA:24,12
DA:25,12
DA:26,1
DA:27,1
DA:28,13
DA:29,0
DA:30,0
DA:31,13
DA:32,0
DA:33,0
DA:34,13
DA:35,1
DA:36,1
DA:37,1
DA:38,1
DA:39,1
DA:40,1
DA:41,1
DA:42,40
DA:43,40
DA:44,1
DA:45,1
DA:46,7
DA:47,7
DA:48,1
DA:49,1
DA:50,12
DA:51,12
DA:52,1
DA:53,1
DA:54,2
DA:55,0
DA:56,0
DA:57,2
DA:58,2
DA:59,1
DA:60,1
DA:61,1
DA:62,1
DA:63,1
DA:64,1
DA:65,4
DA:66,4
DA:67,1
DA:68,1
DA:69,5
DA:70,5
DA:71,1
LF:71
LH:65
BRDA:15,0,0,18
BRDA:19,1,0,12
BRDA:23,2,0,12
BRDA:27,3,0,13
BRDA:28,4,0,0
BRDA:31,5,0,0
BRDA:36,6,0,1
BRDA:41,7,0,40
BRDA:45,8,0,7
BRDA:49,9,0,12
BRDA:53,10,0,2
BRDA:54,11,0,0
BRDA:60,12,0,1
BRDA:64,13,0,4
BRDA:68,14,0,5
BRDA:9,15,0,12
BRF:16
BRH:13
end_of_record
TN:
SF:src/domain/entity/order.ts
FN:17,get id
FN:21,get customerId
FN:25,get items
FN:29,addItem
FN:33,validate
FN:49,total
FN:9,Order
FNF:7
FNH:7
FNDA:25,get id
FNDA:7,get customerId
FNDA:7,get items
FNDA:1,addItem
FNDA:11,validate
FNDA:24,total
FNDA:11,Order
DA:1,1
DA:2,1
DA:3,1
DA:4,1
DA:5,1
DA:6,1
DA:7,1
DA:8,1
DA:9,1
DA:10,11
DA:11,11
DA:12,11
DA:13,11
DA:14,11
DA:15,11
DA:16,1
DA:17,1
DA:18,25
DA:19,25
DA:20,1
DA:21,1
DA:22,7
DA:23,7
DA:24,1
DA:25,1
DA:26,7
DA:27,7
DA:28,1
DA:29,1
DA:30,1
DA:31,1
DA:32,1
DA:33,1
DA:34,11
DA:35,0
DA:36,0
DA:37,11
DA:38,0
DA:39,0
DA:40,11
DA:41,0
DA:42,0
DA:43,11
DA:44,0
DA:45,0
DA:46,11
DA:47,11
DA:48,1
DA:49,1
DA:50,24
DA:51,24
DA:52,1
DA:53,1
LF:53
LH:45
BRDA:17,0,0,25
BRDA:21,1,0,7
BRDA:25,2,0,7
BRDA:29,3,0,1
BRDA:33,4,0,11
BRDA:34,5,0,0
BRDA:37,6,0,0
BRDA:40,7,0,0
BRDA:43,8,0,0
BRDA:43,9,0,11
BRDA:49,10,0,24
BRDA:50,11,0,26
BRDA:9,12,0,11
BRF:13
BRH:9
end_of_record
TN:
SF:src/domain/entity/order_item.ts
FN:16,get id
FN:20,get name
FN:24,get price
FN:28,total
FN:32,get quantity
FN:36,get productId
FN:8,OrderItem
FNF:7
FNH:7
FNDA:13,get id
FNDA:11,get name
FNDA:48,get price
FNDA:37,total
FNDA:22,get quantity
FNDA:8,get productId
FNDA:12,OrderItem
DA:1,1
DA:2,1
DA:3,1
DA:4,1
DA:5,1
DA:6,1
DA:7,1
DA:8,1
DA:9,12
DA:10,12
DA:11,12
DA:12,12
DA:13,12
DA:14,12
DA:15,1
DA:16,1
DA:17,13
DA:18,13
DA:19,1
DA:20,1
DA:21,11
DA:22,11
DA:23,1
DA:24,1
DA:25,48
DA:26,48
DA:27,1
DA:28,1
DA:29,37
DA:30,37
DA:31,1
DA:32,1
DA:33,22
DA:34,22
DA:35,1
DA:36,1
DA:37,8
DA:38,8
DA:39,1
LF:39
LH:39
BRDA:16,0,0,13
BRDA:20,1,0,11
BRDA:24,2,0,48
BRDA:28,3,0,37
BRDA:32,4,0,22
BRDA:36,5,0,8
BRDA:8,6,0,12
BRF:7
BRH:7
end_of_record
TN:
SF:src/domain/entity/product.ts
FN:13,changeName
FN:18,changePrice
FN:23,get id
FN:27,get price
FN:31,get name
FN:35,validate
FN:6,Product
FNF:7
FNH:7
FNDA:1,changeName
FNDA:1,changePrice
FNDA:24,get id
FNDA:18,get price
FNDA:18,get name
FNDA:14,validate
FNDA:13,Product
DA:1,1
DA:2,1
DA:3,1
DA:4,1
DA:5,1
DA:6,1
DA:7,13
DA:8,13
DA:9,13
DA:10,13
DA:11,13
DA:12,1
DA:13,1
DA:14,1
DA:15,1
DA:16,1
DA:17,1
DA:18,1
DA:19,1
DA:20,1
DA:21,1
DA:22,1
DA:23,1
DA:24,24
DA:25,24
DA:26,1
DA:27,1
DA:28,18
DA:29,18
DA:30,1
DA:31,1
DA:32,18
DA:33,18
DA:34,1
DA:35,1
DA:36,14
DA:37,0
DA:38,0
DA:39,14
DA:40,0
DA:41,0
DA:42,14
DA:43,0
DA:44,0
DA:45,14
DA:46,14
DA:47,1
LF:47
LH:41
BRDA:13,0,0,1
BRDA:18,1,0,1
BRDA:23,2,0,24
BRDA:27,3,0,18
BRDA:31,4,0,18
BRDA:35,5,0,14
BRDA:36,6,0,0
BRDA:39,7,0,0
BRDA:42,8,0,0
BRDA:6,9,0,13
BRF:10
BRH:7
end_of_record
TN:
SF:src/domain/service/order.service.ts
FN:7,getTotal
FN:11,placeOrder
FNF:2
FNH:2
FNDA:1,getTotal
FNDA:1,placeOrder
DA:1,1
DA:2,1
DA:3,1
DA:4,1
DA:5,1
DA:6,1
DA:7,1
DA:8,1
DA:9,1
DA:10,1
DA:11,1
DA:12,1
DA:13,0
DA:14,0
DA:15,1
DA:16,1
DA:17,1
DA:18,1
DA:19,1
LF:19
LH:17
BRDA:7,0,0,1
BRDA:8,1,0,2
BRDA:11,2,0,1
BRDA:12,3,0,0
BRF:4
BRH:3
end_of_record
TN:
SF:src/domain/service/product.service.ts
FN:4,increasePrice
FNF:1
FNH:1
FNDA:1,increasePrice
DA:1,1
DA:2,1
DA:3,1
DA:4,1
DA:5,1
DA:6,2
DA:7,1
DA:8,1
DA:9,1
LF:9
LH:9
BRDA:4,0,0,1
BRDA:5,1,0,2
BRF:2
BRH:2
end_of_record
TN:
SF:src/infrastructure/db/sequelize/model/customer.model.ts
FNF:0
FNH:0
DA:1,1
DA:2,1
DA:3,1
DA:4,1
DA:5,1
DA:6,1
DA:7,1
DA:8,1
DA:9,1
DA:10,1
DA:11,1
DA:12,1
DA:13,1
DA:14,1
DA:15,1
DA:16,1
DA:17,1
DA:18,1
DA:19,1
DA:20,1
DA:21,1
DA:22,1
DA:23,1
DA:24,1
DA:25,1
DA:26,1
DA:27,1
DA:28,1
DA:29,1
DA:30,1
DA:31,1
DA:32,1
LF:32
LH:32
BRF:0
BRH:0
end_of_record
TN:
SF:src/infrastructure/db/sequelize/model/order-item.model.ts
FNF:0
FNH:0
DA:1,1
DA:2,1
DA:3,1
DA:4,1
DA:5,1
DA:6,1
DA:7,1
DA:8,1
DA:9,1
DA:10,1
DA:11,1
DA:12,1
DA:13,1
DA:14,1
DA:15,1
DA:16,1
DA:17,1
DA:18,1
DA:19,1
DA:20,1
DA:21,1
DA:22,1
DA:23,1
DA:24,1
DA:25,1
DA:26,1
DA:27,1
DA:28,1
DA:29,1
DA:30,1
DA:31,1
DA:32,1
DA:33,1
DA:34,1
DA:35,1
DA:36,1
DA:37,1
DA:38,1
DA:39,1
DA:40,1
LF:40
LH:40
BRDA:20,0,0,0
BRDA:27,1,0,0
BRDA:15,2,0,20
BRDA:19,3,0,8
BRDA:22,4,0,8
BRDA:26,5,0,8
BRF:6
BRH:4
end_of_record
TN:
SF:src/infrastructure/db/sequelize/model/order.model.ts
FNF:0
FNH:0
DA:1,1
DA:2,1
DA:3,1
DA:4,1
DA:5,1
DA:6,1
DA:7,1
DA:8,1
DA:9,1
DA:10,1
DA:11,1
DA:12,1
DA:13,1
DA:14,1
DA:15,1
DA:16,1
DA:17,1
DA:18,1
DA:19,1
DA:20,1
DA:21,1
DA:22,1
DA:23,1
DA:24,1
DA:25,1
DA:26,1
LF:26
LH:26
BRDA:19,0,0,0
BRDA:14,1,0,4
BRDA:18,2,0,16
BRDA:21,3,0,16
BRF:4
BRH:3
end_of_record
TN:
SF:src/infrastructure/db/sequelize/model/product.model.ts
FNF:0
FNH:0
DA:1,1
DA:2,1
DA:3,1
DA:4,1
DA:5,1
DA:6,1
DA:7,1
DA:8,1
DA:9,1
DA:10,1
DA:11,1
DA:12,1
DA:13,1
DA:14,1
DA:15,1
DA:16,1
LF:16
LH:16
BRF:0
BRH:0
end_of_record
TN:
SF:src/infrastructure/repository/customer.repository.ts
FN:10,create
FN:23,update
FN:42,find
FN:66,findAll
FNF:4
FNH:4
FNDA:9,create
FNDA:1,update
FNDA:2,find
FNDA:1,findAll
DA:1,1
DA:2,1
DA:3,1
DA:4,1
DA:5,1
DA:6,1
DA:7,1
DA:8,1
DA:9,1
DA:10,1
DA:11,9
DA:12,9
DA:13,9
DA:14,9
DA:15,9
DA:16,9
DA:17,9
DA:18,9
DA:19,9
DA:20,9
DA:21,9
DA:22,1
DA:23,1
DA:24,1
DA:25,1
DA:26,1
DA:27,1
DA:28,1
DA:29,1
DA:30,1
DA:31,1
DA:32,1
DA:33,1
DA:34,1
DA:35,1
DA:36,1
DA:37,1
DA:38,1
DA:39,1
DA:40,1
DA:41,1
DA:42,1
DA:43,2
DA:44,2
DA:45,2
DA:46,2
DA:47,2
DA:48,2
DA:49,2
DA:50,2
DA:51,1
DA:52,1
DA:53,1
DA:54,1
DA:55,1
DA:56,1
DA:57,1
DA:58,1
DA:59,1
DA:60,1
DA:61,1
DA:62,1
DA:63,1
DA:64,1
DA:65,1
DA:66,1
DA:67,1
DA:68,1
DA:69,1
DA:70,2
DA:71,2
DA:72,2
DA:73,2
DA:74,2
DA:75,2
DA:76,2
DA:77,2
DA:78,2
DA:79,2
DA:80,1
DA:81,1
DA:82,2
DA:83,2
DA:84,1
DA:85,1
DA:86,1
DA:87,1
LF:87
LH:87
BRDA:10,0,0,9
BRDA:23,1,0,1
BRDA:42,2,0,2
BRDA:51,3,0,1
BRDA:66,4,0,1
BRDA:69,5,0,2
BRDA:79,6,0,1
BRF:7
BRH:7
end_of_record
TN:
SF:src/infrastructure/repository/order.repository.spec.ts
FNF:0
FNH:0
DA:1,1
DA:2,1
DA:3,1
DA:4,1
DA:5,1
DA:6,1
DA:7,1
DA:8,1
DA:9,1
DA:10,1
DA:11,1
DA:12,1
DA:13,1
DA:14,1
DA:15,1
DA:16,1
DA:17,1
DA:18,1
DA:19,1
DA:20,1
DA:21,1
DA:22,1
DA:23,1
DA:24,1
DA:25,1
DA:26,1
DA:27,1
DA:28,1
DA:29,1
DA:30,1
DA:31,1
DA:32,1
DA:33,1
DA:34,1
DA:35,1
DA:36,1
DA:37,1
DA:38,1
DA:39,1
DA:40,1
DA:41,1
DA:42,1
DA:43,1
DA:44,1
DA:45,1
DA:46,1
DA:47,1
DA:48,1
DA:49,1
DA:50,1
DA:51,1
DA:52,1
DA:53,1
DA:54,1
DA:55,1
DA:56,1
DA:57,1
DA:58,1
DA:59,1
DA:60,1
DA:61,1
DA:62,1
DA:63,1
DA:64,1
DA:65,1
DA:66,1
DA:67,1
DA:68,1
DA:69,1
DA:70,1
DA:71,1
DA:72,1
DA:73,1
DA:74,1
DA:75,1
DA:76,1
DA:77,1
DA:78,1
DA:79,1
DA:80,1
DA:81,1
DA:82,1
DA:83,1
DA:84,1
DA:85,1
DA:86,1
DA:87,1
DA:88,1
DA:89,1
DA:90,1
DA:91,1
DA:92,1
DA:93,1
DA:94,1
DA:95,1
DA:96,1
DA:97,1
DA:98,1
DA:99,1
DA:100,1
DA:101,1
DA:102,1
DA:103,1
DA:104,1
DA:105,1
DA:106,1
DA:107,1
DA:108,1
DA:109,1
DA:110,1
DA:111,1
DA:112,1
DA:113,1
DA:114,1
DA:115,1
DA:116,1
DA:117,1
DA:118,1
DA:119,1
DA:120,1
DA:121,1
DA:122,1
DA:123,1
DA:124,1
DA:125,1
DA:126,1
DA:127,1
DA:128,1
DA:129,1
DA:130,1
DA:131,1
DA:132,1
DA:133,1
DA:134,1
DA:135,1
DA:136,1
DA:137,1
DA:138,1
DA:139,1
DA:140,1
DA:141,1
DA:142,1
DA:143,1
DA:144,1
DA:145,1
DA:146,1
DA:147,1
DA:148,1
DA:149,1
DA:150,1
DA:151,1
DA:152,1
DA:153,1
DA:154,1
DA:155,1
DA:156,1
DA:157,1
DA:158,1
DA:159,1
DA:160,1
DA:161,1
DA:162,1
DA:163,1
DA:164,1
DA:165,1
DA:166,1
DA:167,1
DA:168,1
DA:169,1
DA:170,1
DA:171,1
DA:172,1
DA:173,1
DA:174,1
DA:175,1
DA:176,1
DA:177,1
DA:178,1
DA:179,1
DA:180,1
DA:181,1
DA:182,1
DA:183,1
DA:184,1
DA:185,1
DA:186,1
DA:187,1
DA:188,1
DA:189,1
DA:190,1
DA:191,1
DA:192,1
DA:193,1
DA:194,1
DA:195,1
DA:196,1
DA:197,1
DA:198,1
DA:199,1
DA:200,1
DA:201,1
DA:202,1
DA:203,1
DA:204,1
DA:205,1
DA:206,1
DA:207,1
DA:208,1
DA:209,1
DA:210,1
DA:211,1
DA:212,1
DA:213,1
DA:214,1
DA:215,1
DA:216,1
DA:217,1
DA:218,1
DA:219,1
DA:220,1
DA:221,1
DA:222,1
DA:223,1
DA:224,1
DA:225,1
DA:226,1
DA:227,1
DA:228,1
DA:229,1
DA:230,1
DA:231,1
DA:232,1
DA:233,1
DA:234,1
DA:235,1
DA:236,1
DA:237,1
DA:238,1
LF:238
LH:238
BRF:0
BRH:0
end_of_record
TN:
SF:src/infrastructure/repository/order.repository.ts
FN:8,create
FN:29,update
FN:86,find
FN:112,findAll
FNF:4
FNH:4
FNDA:5,create
FNDA:1,update
FNDA:1,find
FNDA:1,findAll
DA:1,1
DA:2,1
DA:3,1
DA:4,1
DA:5,1
DA:6,1
DA:7,1
DA:8,1
DA:9,5
DA:10,5
DA:11,5
DA:12,5
DA:13,5
DA:14,5
DA:15,5
DA:16,5
DA:17,5
DA:18,5
DA:19,5
DA:20,5
DA:21,5
DA:22,5
DA:23,5
DA:24,5
DA:25,5
DA:26,5
DA:27,5
DA:28,1
DA:29,1
DA:30,1
DA:31,1
DA:32,1
DA:33,1
DA:34,1
DA:35,1
DA:36,1
DA:37,1
DA:38,1
DA:39,1
DA:40,1
DA:41,0
DA:42,0
DA:43,1
DA:44,1
DA:45,1
DA:46,1
DA:47,0
DA:48,1
DA:49,1
DA:50,1
DA:51,1
DA:52,1
DA:53,1
DA:54,1
DA:55,1
DA:56,1
DA:57,1
DA:58,1
DA:59,1
DA:60,1
DA:61,1
DA:62,2
DA:63,2
DA:64,1
DA:65,1
DA:66,1
DA:67,1
DA:68,1
DA:69,1
DA:70,1
DA:71,1
DA:72,1
DA:73,1
DA:74,1
DA:75,1
DA:76,1
DA:77,1
DA:78,1
DA:79,1
DA:80,1
DA:81,1
DA:82,1
DA:83,1
DA:84,1
DA:85,1
DA:86,1
DA:87,1
DA:88,1
DA:89,1
DA:90,1
DA:91,1
DA:92,1
DA:93,1
DA:94,1
DA:95,0
DA:96,0
DA:97,1
DA:98,1
DA:99,1
DA:100,1
DA:101,1
DA:102,1
DA:103,1
DA:104,1
DA:105,1
DA:106,1
DA:107,1
DA:108,1
DA:109,1
DA:110,1
DA:111,1
DA:112,1
DA:113,1
DA:114,1
DA:115,1
DA:116,1
DA:117,1
DA:118,1
DA:119,1
DA:120,1
DA:121,1
DA:122,0
DA:123,0
DA:124,1
DA:125,1
DA:126,2
DA:127,2
DA:128,2
DA:129,2
DA:130,2
DA:131,2
DA:132,2
DA:133,2
DA:134,2
DA:135,2
DA:136,2
DA:137,1
DA:138,1
DA:139,1
DA:140,1
DA:141,1
DA:142,1
LF:142
LH:135
BRDA:8,0,0,5
BRDA:14,1,0,5
BRDA:29,2,0,1
BRDA:40,3,0,0
BRDA:44,4,0,1
BRDA:46,5,0,0
BRDA:45,6,0,1
BRDA:61,7,0,2
BRDA:63,8,0,1
BRDA:62,9,0,2
BRDA:86,10,0,1
BRDA:94,11,0,0
BRDA:99,12,0,1
BRDA:112,13,0,1
BRDA:121,14,0,0
BRDA:125,15,0,2
BRDA:129,16,0,2
BRF:17
BRH:13
end_of_record
TN:
SF:src/infrastructure/repository/product.repository.ts
FN:6,create
FN:14,update
FN:28,find
FN:33,findAll
FNF:4
FNH:4
FNDA:10,create
FNDA:1,update
FNDA:1,find
FNDA:1,findAll
DA:1,1
DA:2,1
DA:3,1
DA:4,1
DA:5,1
DA:6,1
DA:7,10
DA:8,10
DA:9,10
DA:10,10
DA:11,10
DA:12,10
DA:13,1
DA:14,1
DA:15,1
DA:16,1
DA:17,1
DA:18,1
DA:19,1
DA:20,1
DA:21,1
DA:22,1
DA:23,1
DA:24,1
DA:25,1
DA:26,1
DA:27,1
DA:28,1
DA:29,1
DA:30,1
DA:31,1
DA:32,1
DA:33,1
DA:34,1
DA:35,1
DA:36,2
DA:37,1
DA:38,1
DA:39,1
LF:39
LH:39
BRDA:6,0,0,10
BRDA:14,1,0,1
BRDA:28,2,0,1
BRDA:33,3,0,1
BRDA:35,4,0,2
BRF:5
BRH:5
end_of_record
