TN:
SF:src/entity/order.spec.ts
FNF:0
FNH:0
DA:1,2
DA:2,2
DA:3,2
DA:4,2
DA:5,2
DA:6,2
DA:7,2
DA:8,2
DA:9,2
DA:10,2
DA:11,2
DA:12,2
DA:13,2
DA:14,2
DA:15,2
DA:16,2
DA:17,2
DA:18,2
DA:19,2
DA:20,2
DA:21,2
DA:22,2
DA:23,2
DA:24,2
DA:25,2
DA:26,2
DA:27,2
DA:28,2
DA:29,2
DA:30,2
DA:31,2
DA:32,2
DA:33,2
DA:34,2
DA:35,2
DA:36,2
DA:37,2
DA:38,2
DA:39,2
DA:40,2
DA:41,2
DA:42,2
DA:43,2
DA:44,2
DA:45,2
LF:45
LH:45
BRF:0
BRH:0
end_of_record
TN:
SF:src/entity/order.ts
FN:18,validate
FN:34,total
FN:10,Order
FNF:3
FNH:3
FNDA:2,validate
FNDA:4,total
FNDA:2,Order
DA:1,1
DA:2,1
DA:3,1
DA:4,1
DA:5,1
DA:6,1
DA:7,1
DA:8,1
DA:9,1
DA:10,1
DA:11,2
DA:12,2
DA:13,2
DA:14,2
DA:15,2
DA:16,2
DA:17,1
DA:18,1
DA:19,2
DA:20,0
DA:21,0
DA:22,2
DA:23,0
DA:24,0
DA:25,2
DA:26,0
DA:27,0
DA:28,2
DA:29,0
DA:30,0
DA:31,2
DA:32,2
DA:33,1
DA:34,1
DA:35,4
DA:36,4
DA:37,1
DA:38,1
LF:38
LH:30
BRDA:18,0,0,2
BRDA:19,1,0,0
BRDA:22,2,0,0
BRDA:25,3,0,0
BRDA:28,4,0,0
BRDA:28,5,0,2
BRDA:34,6,0,4
BRDA:35,7,0,4
BRDA:10,8,0,2
BRF:9
BRH:5
end_of_record
TN:
SF:src/entity/order_item.ts
FN:16,get price
FN:20,get quantity
FN:8,OrderItem
FNF:3
FNH:3
FNDA:4,get price
FNDA:2,get quantity
FNDA:2,OrderItem
DA:1,1
DA:2,1
DA:3,1
DA:4,1
DA:5,1
DA:6,1
DA:7,1
DA:8,1
DA:9,2
DA:10,2
DA:11,2
DA:12,2
DA:13,2
DA:14,2
DA:15,1
DA:16,1
DA:17,4
DA:18,4
DA:19,1
DA:20,1
DA:21,2
DA:22,2
DA:23,1
LF:23
LH:23
BRDA:16,0,0,4
BRDA:20,1,0,2
BRDA:8,2,0,2
BRF:3
BRH:3
end_of_record
TN:
SF:src/service/order.service.ts
FN:4,getTotal
FNF:1
FNH:1
FNDA:1,getTotal
DA:1,1
DA:2,1
DA:3,1
DA:4,1
DA:5,1
DA:6,1
DA:7,1
LF:7
LH:7
BRDA:4,0,0,1
BRDA:5,1,0,2
BRF:2
BRH:2
end_of_record
